  main.cpp
c:\users\administrator\documents\visual studio 2017\projects\2017_01_lab\lab 08\lab 08\main.cpp(88): warning C4244: '인수': 'time_t'에서 'unsigned int'(으)로 변환하면서 데이터가 손실될 수 있습니다.
c:\users\administrator\documents\visual studio 2017\projects\2017_01_lab\lab 08\lab 08\main.cpp(54): warning C4996: 'strcpy': This function or variable may be unsafe. Consider using strcpy_s instead. To disable deprecation, use _CRT_SECURE_NO_WARNINGS. See online help for details.
  c:\program files (x86)\windows kits\10\include\10.0.14393.0\ucrt\string.h(129): note: 'strcpy' 선언을 참조하십시오.
c:\users\administrator\documents\visual studio 2017\projects\2017_01_lab\lab 08\lab 08\main.cpp(59): warning C4996: 'strcpy': This function or variable may be unsafe. Consider using strcpy_s instead. To disable deprecation, use _CRT_SECURE_NO_WARNINGS. See online help for details.
  c:\program files (x86)\windows kits\10\include\10.0.14393.0\ucrt\string.h(129): note: 'strcpy' 선언을 참조하십시오.
c:\users\administrator\documents\visual studio 2017\projects\2017_01_lab\lab 08\lab 08\main.cpp(104): warning C4996: 'fopen': This function or variable may be unsafe. Consider using fopen_s instead. To disable deprecation, use _CRT_SECURE_NO_WARNINGS. See online help for details.
  c:\program files (x86)\windows kits\10\include\10.0.14393.0\ucrt\stdio.h(207): note: 'fopen' 선언을 참조하십시오.
c:\users\administrator\documents\visual studio 2017\projects\2017_01_lab\lab 08\lab 08\main.cpp(43): warning C4101: 'c' :참조되지 않은 지역 변수입니다.
c:\users\administrator\documents\visual studio 2017\projects\2017_01_lab\lab 08\lab 08\main.cpp(123): warning C4101: 'array' :참조되지 않은 지역 변수입니다.
c:\users\administrator\documents\visual studio 2017\projects\2017_01_lab\lab 08\lab 08\main.cpp(190): warning C4996: 'strcpy': This function or variable may be unsafe. Consider using strcpy_s instead. To disable deprecation, use _CRT_SECURE_NO_WARNINGS. See online help for details.
  c:\program files (x86)\windows kits\10\include\10.0.14393.0\ucrt\string.h(129): note: 'strcpy' 선언을 참조하십시오.
c:\users\administrator\documents\visual studio 2017\projects\2017_01_lab\lab 08\lab 08\main.cpp(219): warning C4996: 'strcpy': This function or variable may be unsafe. Consider using strcpy_s instead. To disable deprecation, use _CRT_SECURE_NO_WARNINGS. See online help for details.
  c:\program files (x86)\windows kits\10\include\10.0.14393.0\ucrt\string.h(129): note: 'strcpy' 선언을 참조하십시오.
c:\users\administrator\documents\visual studio 2017\projects\2017_01_lab\lab 08\lab 08\main.cpp(262): warning C4996: 'strcpy': This function or variable may be unsafe. Consider using strcpy_s instead. To disable deprecation, use _CRT_SECURE_NO_WARNINGS. See online help for details.
  c:\program files (x86)\windows kits\10\include\10.0.14393.0\ucrt\string.h(129): note: 'strcpy' 선언을 참조하십시오.
c:\users\administrator\documents\visual studio 2017\projects\2017_01_lab\lab 08\lab 08\main.cpp(263): warning C4996: 'strcpy': This function or variable may be unsafe. Consider using strcpy_s instead. To disable deprecation, use _CRT_SECURE_NO_WARNINGS. See online help for details.
  c:\program files (x86)\windows kits\10\include\10.0.14393.0\ucrt\string.h(129): note: 'strcpy' 선언을 참조하십시오.
c:\users\administrator\documents\visual studio 2017\projects\2017_01_lab\lab 08\lab 08\main.cpp(264): warning C4996: 'strcpy': This function or variable may be unsafe. Consider using strcpy_s instead. To disable deprecation, use _CRT_SECURE_NO_WARNINGS. See online help for details.
  c:\program files (x86)\windows kits\10\include\10.0.14393.0\ucrt\string.h(129): note: 'strcpy' 선언을 참조하십시오.
  LAB 08.vcxproj -> C:\Users\Administrator\Documents\Visual Studio 2017\Projects\2017_01_LAB\LAB 08\Debug\LAB 08.exe
  LAB 08.vcxproj -> C:\Users\Administrator\Documents\Visual Studio 2017\Projects\2017_01_LAB\LAB 08\Debug\LAB 08.pdb (Partial PDB)
