  Thread_PacketGenerator.cpp
c:\users\administrator\documents\visual studio 2017\projects\2017_01_lab\lab 11\lab 11\thread_packetgenerator.cpp(63): warning C4244: '인수': 'time_t'에서 'unsigned int'(으)로 변환하면서 데이터가 손실될 수 있습니다.
c:\users\administrator\documents\visual studio 2017\projects\2017_01_lab\lab 11\lab 11\thread_packetgenerator.cpp(31): warning C4101: 'link_id' :참조되지 않은 지역 변수입니다.
  Thread_LinkTx.cpp
c:\users\administrator\documents\visual studio 2017\projects\2017_01_lab\lab 11\lab 11\thread_linktx.cpp(57): warning C4244: '인수': 'time_t'에서 'unsigned int'(으)로 변환하면서 데이터가 손실될 수 있습니다.
c:\users\administrator\documents\visual studio 2017\projects\2017_01_lab\lab 11\lab 11\thread_linktx.cpp(38): warning C4101: 'dst' :참조되지 않은 지역 변수입니다.
c:\users\administrator\documents\visual studio 2017\projects\2017_01_lab\lab 11\lab 11\thread_linktx.cpp(38): warning C4101: 'nextHop' :참조되지 않은 지역 변수입니다.
c:\users\administrator\documents\visual studio 2017\projects\2017_01_lab\lab 11\lab 11\thread_linktx.cpp(39): warning C4101: 'pktID' :참조되지 않은 지역 변수입니다.
c:\users\administrator\documents\visual studio 2017\projects\2017_01_lab\lab 11\lab 11\thread_linktx.cpp(30): warning C4101: 'id' :참조되지 않은 지역 변수입니다.
c:\users\administrator\documents\visual studio 2017\projects\2017_01_lab\lab 11\lab 11\thread_linktx.cpp(29): warning C4101: 'logFileName' :참조되지 않은 지역 변수입니다.
c:\users\administrator\documents\visual studio 2017\projects\2017_01_lab\lab 11\lab 11\thread_linktx.cpp(38): warning C4101: 'src' :참조되지 않은 지역 변수입니다.
c:\users\administrator\documents\visual studio 2017\projects\2017_01_lab\lab 11\lab 11\thread_linktx.cpp(24): warning C4101: 'errMsg' :참조되지 않은 지역 변수입니다.
c:\users\administrator\documents\visual studio 2017\projects\2017_01_lab\lab 11\lab 11\thread_linktx.cpp(33): warning C4101: 'max_queue_capacity' :참조되지 않은 지역 변수입니다.
c:\users\administrator\documents\visual studio 2017\projects\2017_01_lab\lab 11\lab 11\thread_linktx.cpp(27): warning C4101: 'pThreadStatus' :참조되지 않은 지역 변수입니다.
  ThreadManagement.cpp
c:\users\administrator\documents\visual studio 2017\projects\2017_01_lab\lab 11\lab 11\threadmanagement.cpp(35): warning C4101: 'strThreadStatus' :참조되지 않은 지역 변수입니다.
c:\users\administrator\documents\visual studio 2017\projects\2017_01_lab\lab 11\lab 11\threadmanagement.cpp(34): warning C4101: 'total_forwarded' :참조되지 않은 지역 변수입니다.
c:\users\administrator\documents\visual studio 2017\projects\2017_01_lab\lab 11\lab 11\threadmanagement.cpp(34): warning C4101: 'total_generated' :참조되지 않은 지역 변수입니다.
c:\users\administrator\documents\visual studio 2017\projects\2017_01_lab\lab 11\lab 11\threadmanagement.cpp(34): warning C4101: 'total_rx' :참조되지 않은 지역 변수입니다.
  Packet.cpp
  main.cpp
c:\users\administrator\documents\visual studio 2017\projects\2017_01_lab\lab 11\lab 11\main.cpp(30): warning C4101: 'numDataLinks' :참조되지 않은 지역 변수입니다.
c:\users\administrator\documents\visual studio 2017\projects\2017_01_lab\lab 11\lab 11\main.cpp(30): warning C4101: 'numNodes' :참조되지 않은 지역 변수입니다.
c:\users\administrator\documents\visual studio 2017\projects\2017_01_lab\lab 11\lab 11\main.cpp(31): warning C4101: 'pCQ' :참조되지 않은 지역 변수입니다.
  ConsoleDisplay.cpp
  CircularQueue.cpp
c:\users\administrator\documents\visual studio 2017\projects\2017_01_lab\lab 11\lab 11\circularqueue.cpp(39): warning C4473: 'sprintf': 서식 문자열에 대한 인수가 충분하게 전달되지 않았습니다.
  c:\users\administrator\documents\visual studio 2017\projects\2017_01_lab\lab 11\lab 11\circularqueue.cpp(39): note: 자리 표시자 및 해당 매개 변수에는 variadic 인수가 6개 필요하지만 4개가 제공되었습니다.
  c:\users\administrator\documents\visual studio 2017\projects\2017_01_lab\lab 11\lab 11\circularqueue.cpp(39): note: 누락된 variadic 인수 5이(가) 서식 문자열 '%d'에 필요합니다.
c:\users\administrator\documents\visual studio 2017\projects\2017_01_lab\lab 11\lab 11\circularqueue.cpp(39): warning C4996: 'sprintf': This function or variable may be unsafe. Consider using sprintf_s instead. To disable deprecation, use _CRT_SECURE_NO_WARNINGS. See online help for details.
  c:\program files (x86)\windows kits\10\include\10.0.14393.0\ucrt\stdio.h(1769): note: 'sprintf' 선언을 참조하십시오.
c:\users\administrator\documents\visual studio 2017\projects\2017_01_lab\lab 11\lab 11\circularqueue.cpp(91): warning C4996: 'sprintf': This function or variable may be unsafe. Consider using sprintf_s instead. To disable deprecation, use _CRT_SECURE_NO_WARNINGS. See online help for details.
  c:\program files (x86)\windows kits\10\include\10.0.14393.0\ucrt\stdio.h(1769): note: 'sprintf' 선언을 참조하십시오.
c:\users\administrator\documents\visual studio 2017\projects\2017_01_lab\lab 11\lab 11\circularqueue.cpp(123): warning C4996: 'sprintf': This function or variable may be unsafe. Consider using sprintf_s instead. To disable deprecation, use _CRT_SECURE_NO_WARNINGS. See online help for details.
  c:\program files (x86)\windows kits\10\include\10.0.14393.0\ucrt\stdio.h(1769): note: 'sprintf' 선언을 참조하십시오.
c:\users\administrator\documents\visual studio 2017\projects\2017_01_lab\lab 11\lab 11\circularqueue.cpp(125): warning C4996: 'sprintf': This function or variable may be unsafe. Consider using sprintf_s instead. To disable deprecation, use _CRT_SECURE_NO_WARNINGS. See online help for details.
  c:\program files (x86)\windows kits\10\include\10.0.14393.0\ucrt\stdio.h(1769): note: 'sprintf' 선언을 참조하십시오.
  코드를 생성하고 있습니다...
  LAB 11.vcxproj -> C:\Users\Administrator\Documents\Visual Studio 2017\Projects\2017_01_LAB\LAB 11\x64\Debug\LAB 11.exe
  LAB 11.vcxproj -> C:\Users\Administrator\Documents\Visual Studio 2017\Projects\2017_01_LAB\LAB 11\x64\Debug\LAB 11.pdb (Partial PDB)
